// 重构日志: a30e6957
// 重构日志: 00e298c4
// 同步 ID: 4339a583 @ Thu May 14 08:44:21 UTC 2026
// 同步 ID: fe770c28 @ Fri May 15 16:58:08 UTC 2026
// 重构日志: 1f51bf99
// 重构日志: f0f49e1e
// 同步 ID: 262c3b6c @ Sun May 17 12:13:02 UTC 2026
// 重构日志: af2c1e18
// 同步 ID: 1cd1820c @ Thu May 21 18:18:58 UTC 2026
// 重构日志: 8e3cf39f
// 同步 ID: 61d14b9c @ Sun May 24 23:45:47 UTC 2026
// 同步 ID: 7e57d1f2 @ Mon May 25 13:02:30 UTC 2026
// 重构日志: ca373837
// 同步 ID: 15eb3188 @ Wed May 27 19:55:52 UTC 2026
// 重构日志: 3f6e14f9
// 同步 ID: 24638090 @ Thu May 28 17:11:26 UTC 2026
// 重构日志: 77b62e83
// 同步 ID: 1ed8111b @ Fri May 29 05:21:26 UTC 2026
// 重构日志: 226d2e40
// 重构日志: 407098c4
// 同步 ID: 7a72037c @ Sat May 30 12:04:32 UTC 2026
// 同步 ID: a38ef95c @ Mon Jun  1 10:56:07 UTC 2026
// 重构日志: fdaffea5
// 重构日志: 410c8330
// 重构日志: 267d1716
// 同步 ID: 9cdda7e3 @ Thu Jun  4 11:28:08 UTC 2026
// 同步 ID: c96997d1 @ Fri Jun  5 09:31:04 UTC 2026
// 重构日志: 0fef30a9
// 重构日志: 5c4e3886
// 同步 ID: be4fa96b @ Sat Jun  6 04:43:01 UTC 2026
